#-----------------------------------------------------------
# Vivado v2016.2 (64-bit)
# SW Build 1577090 on Thu Jun  2 16:32:40 MDT 2016
# IP Build 1577682 on Fri Jun  3 12:00:54 MDT 2016
# Start of session at: Fri Jan 13 13:33:53 2017
# Process ID: 4064
# Current directory: C:/Peter/Class/Second Year/Switching Circuit and Logic Design/LAB/LAB14_FinalExt/Final vivado
# Command line: vivado.exe -gui_launcher_event rodinguilauncherevent12480 C:\Peter\Class\Second Year\Switching Circuit and Logic Design\LAB\LAB14_FinalExt\Final vivado\FinalProject.xpr
# Log file: C:/Peter/Class/Second Year/Switching Circuit and Logic Design/LAB/LAB14_FinalExt/Final vivado/vivado.log
# Journal file: C:/Peter/Class/Second Year/Switching Circuit and Logic Design/LAB/LAB14_FinalExt/Final vivado\vivado.jou
#-----------------------------------------------------------
start_gui
open_project {C:/Peter/Class/Second Year/Switching Circuit and Logic Design/LAB/LAB14_FinalExt/Final vivado/FinalProject.xpr}
INFO: [ProjectBase 1-489] The host OS only allows 260 characters in a normal path. The project is stored in a path with more than 80 characters. If you experience issues with IP, Block Designs, or files not being found, please consider moving the project to a location with a shorter path. Alternately consider using the OS subst command to map part of the path to a drive letter.
Current project path is 'C:/Peter/Class/Second Year/Switching Circuit and Logic Design/LAB/LAB14_FinalExt/Final vivado'
CRITICAL WARNING: [Project 1-19] Could not find the file 'C:/Peter/Class/Second Year/Switching Circuit and Logic Design/LAB/LAB14_FinalExt/Final vivado/src/MP_TimerController.v'.
Scanning sources...
Finished scanning sources
INFO: [IP_Flow 19-234] Refreshing IP repositories
INFO: [IP_Flow 19-1704] No user IP repositories specified
INFO: [IP_Flow 19-2313] Loaded Vivado IP repository 'C:/Xilinx/Vivado/2016.2/data/ip'.
WARNING: [IP_Flow 19-2162] IP 'clk_wiz_0' is locked:
* IP definition 'Clocking Wizard (5.3)' for IP 'clk_wiz_0' has a different revision in the IP Catalog.
Please select 'Report IP Status' from the 'Tools/Report' menu or run Tcl command 'report_ip_status' for more information.
open_project: Time (s): cpu = 00:00:17 ; elapsed = 00:00:08 . Memory (MB): peak = 758.902 ; gain = 107.234
update_compile_order -fileset sources_1
reset_run synth_1
launch_runs impl_1 -to_step write_bitstream -jobs 2
[Fri Jan 13 13:39:29 2017] Launched synth_1...
Run output will be captured here: C:/Peter/Class/Second Year/Switching Circuit and Logic Design/LAB/LAB14_FinalExt/Final vivado/FinalProject.runs/synth_1/runme.log
[Fri Jan 13 13:39:29 2017] Launched impl_1...
Run output will be captured here: C:/Peter/Class/Second Year/Switching Circuit and Logic Design/LAB/LAB14_FinalExt/Final vivado/FinalProject.runs/impl_1/runme.log
reset_run synth_1
launch_runs impl_1 -to_step write_bitstream -jobs 2
[Fri Jan 13 13:43:37 2017] Launched synth_1...
Run output will be captured here: C:/Peter/Class/Second Year/Switching Circuit and Logic Design/LAB/LAB14_FinalExt/Final vivado/FinalProject.runs/synth_1/runme.log
[Fri Jan 13 13:43:37 2017] Launched impl_1...
Run output will be captured here: C:/Peter/Class/Second Year/Switching Circuit and Logic Design/LAB/LAB14_FinalExt/Final vivado/FinalProject.runs/impl_1/runme.log
reset_run synth_1
launch_runs impl_1 -to_step write_bitstream -jobs 2
[Fri Jan 13 13:46:39 2017] Launched synth_1...
Run output will be captured here: C:/Peter/Class/Second Year/Switching Circuit and Logic Design/LAB/LAB14_FinalExt/Final vivado/FinalProject.runs/synth_1/runme.log
[Fri Jan 13 13:46:39 2017] Launched impl_1...
Run output will be captured here: C:/Peter/Class/Second Year/Switching Circuit and Logic Design/LAB/LAB14_FinalExt/Final vivado/FinalProject.runs/impl_1/runme.log
reset_run synth_1
launch_runs impl_1 -to_step write_bitstream -jobs 2
[Fri Jan 13 13:48:58 2017] Launched synth_1...
Run output will be captured here: C:/Peter/Class/Second Year/Switching Circuit and Logic Design/LAB/LAB14_FinalExt/Final vivado/FinalProject.runs/synth_1/runme.log
[Fri Jan 13 13:48:58 2017] Launched impl_1...
Run output will be captured here: C:/Peter/Class/Second Year/Switching Circuit and Logic Design/LAB/LAB14_FinalExt/Final vivado/FinalProject.runs/impl_1/runme.log
reset_run synth_1
launch_runs impl_1 -to_step write_bitstream -jobs 2
[Fri Jan 13 13:55:57 2017] Launched synth_1...
Run output will be captured here: C:/Peter/Class/Second Year/Switching Circuit and Logic Design/LAB/LAB14_FinalExt/Final vivado/FinalProject.runs/synth_1/runme.log
[Fri Jan 13 13:55:57 2017] Launched impl_1...
Run output will be captured here: C:/Peter/Class/Second Year/Switching Circuit and Logic Design/LAB/LAB14_FinalExt/Final vivado/FinalProject.runs/impl_1/runme.log
reset_run synth_1
launch_runs impl_1 -to_step write_bitstream -jobs 2
[Fri Jan 13 13:57:21 2017] Launched synth_1...
Run output will be captured here: C:/Peter/Class/Second Year/Switching Circuit and Logic Design/LAB/LAB14_FinalExt/Final vivado/FinalProject.runs/synth_1/runme.log
[Fri Jan 13 13:57:21 2017] Launched impl_1...
Run output will be captured here: C:/Peter/Class/Second Year/Switching Circuit and Logic Design/LAB/LAB14_FinalExt/Final vivado/FinalProject.runs/impl_1/runme.log
reset_run synth_1
launch_runs impl_1 -to_step write_bitstream -jobs 2
[Fri Jan 13 13:58:31 2017] Launched synth_1...
Run output will be captured here: C:/Peter/Class/Second Year/Switching Circuit and Logic Design/LAB/LAB14_FinalExt/Final vivado/FinalProject.runs/synth_1/runme.log
[Fri Jan 13 13:58:31 2017] Launched impl_1...
Run output will be captured here: C:/Peter/Class/Second Year/Switching Circuit and Logic Design/LAB/LAB14_FinalExt/Final vivado/FinalProject.runs/impl_1/runme.log
reset_run synth_1
launch_runs impl_1 -to_step write_bitstream -jobs 2
[Fri Jan 13 14:00:25 2017] Launched synth_1...
Run output will be captured here: C:/Peter/Class/Second Year/Switching Circuit and Logic Design/LAB/LAB14_FinalExt/Final vivado/FinalProject.runs/synth_1/runme.log
[Fri Jan 13 14:00:25 2017] Launched impl_1...
Run output will be captured here: C:/Peter/Class/Second Year/Switching Circuit and Logic Design/LAB/LAB14_FinalExt/Final vivado/FinalProject.runs/impl_1/runme.log
exit
INFO: [Common 17-206] Exiting Vivado at Fri Jan 13 14:01:19 2017...
