Copyright 1986-2016 Xilinx, Inc. All Rights Reserved.
----------------------------------------------------------------------------------------------------------------------------------------------------------
| Tool Version     : Vivado v.2016.2 (win64) Build 1577090 Thu Jun  2 16:32:40 MDT 2016
| Date             : Fri Jan 13 13:25:59 2017
| Host             : DESKTOP-ST5SH92 running 64-bit major release  (build 9200)
| Command          : report_power -file TrafficLight_power_routed.rpt -pb TrafficLight_power_summary_routed.pb -rpx TrafficLight_power_routed.rpx
| Design           : TrafficLight
| Device           : xc7a35tcpg236-1
| Design State     : routed
| Grade            : commercial
| Process          : typical
| Characterization : Production
----------------------------------------------------------------------------------------------------------------------------------------------------------

Power Report

Table of Contents
-----------------
1. Summary
1.1 On-Chip Components
1.2 Power Supply Summary
1.3 Confidence Level
2. Settings
2.1 Environment
2.2 Clock Constraints
3. Detailed Reports
3.1 By Hierarchy

1. Summary
----------

+--------------------------+-------+
| Total On-Chip Power (W)  | 0.262 |
| Dynamic (W)              | 0.190 |
| Device Static (W)        | 0.072 |
| Effective TJA (C/W)      | 5.0   |
| Max Ambient (C)          | 83.7  |
| Junction Temperature (C) | 26.3  |
| Confidence Level         | Low   |
| Setting File             | ---   |
| Simulation Activity File | ---   |
| Design Nets Matched      | NA    |
+--------------------------+-------+


1.1 On-Chip Components
----------------------

+----------------+-----------+----------+-----------+-----------------+
| On-Chip        | Power (W) | Used     | Available | Utilization (%) |
+----------------+-----------+----------+-----------+-----------------+
| Clocks         |    <0.001 |        5 |       --- |             --- |
| Slice Logic    |     0.031 |    10938 |       --- |             --- |
|   LUT as Logic |     0.031 |     8485 |     20800 |           40.79 |
|   F7/F8 Muxes  |    <0.001 |     1183 |     32600 |            3.63 |
|   CARRY4       |    <0.001 |       25 |      8150 |            0.31 |
|   Register     |    <0.001 |      147 |     41600 |            0.35 |
|   Others       |     0.000 |       92 |       --- |             --- |
| Signals        |     0.034 |     8396 |       --- |             --- |
| MMCM           |     0.116 |        1 |         5 |           20.00 |
| DSPs           |    <0.001 |        3 |        90 |            3.33 |
| I/O            |     0.008 |       49 |       106 |           46.23 |
| Static Power   |     0.072 |          |           |                 |
| Total          |     0.262 |          |           |                 |
+----------------+-----------+----------+-----------+-----------------+


1.2 Power Supply Summary
------------------------

+-----------+-------------+-----------+-------------+------------+
| Source    | Voltage (V) | Total (A) | Dynamic (A) | Static (A) |
+-----------+-------------+-----------+-------------+------------+
| Vccint    |       1.000 |     0.077 |       0.067 |      0.010 |
| Vccaux    |       1.800 |     0.077 |       0.065 |      0.013 |
| Vcco33    |       3.300 |     0.003 |       0.002 |      0.001 |
| Vcco25    |       2.500 |     0.000 |       0.000 |      0.000 |
| Vcco18    |       1.800 |     0.000 |       0.000 |      0.000 |
| Vcco15    |       1.500 |     0.000 |       0.000 |      0.000 |
| Vcco135   |       1.350 |     0.000 |       0.000 |      0.000 |
| Vcco12    |       1.200 |     0.000 |       0.000 |      0.000 |
| Vccaux_io |       1.800 |     0.000 |       0.000 |      0.000 |
| Vccbram   |       1.000 |     0.000 |       0.000 |      0.000 |
| MGTAVcc   |       1.000 |     0.000 |       0.000 |      0.000 |
| MGTAVtt   |       1.200 |     0.000 |       0.000 |      0.000 |
| Vccadc    |       1.800 |     0.020 |       0.000 |      0.020 |
+-----------+-------------+-----------+-------------+------------+


1.3 Confidence Level
--------------------

+-----------------------------+------------+--------------------------------------------------------+------------------------------------------------------------------------------------------------------------+
| User Input Data             | Confidence | Details                                                | Action                                                                                                     |
+-----------------------------+------------+--------------------------------------------------------+------------------------------------------------------------------------------------------------------------+
| Design implementation state | High       | Design is routed                                       |                                                                                                            |
| Clock nodes activity        | High       | User specified more than 95% of clocks                 |                                                                                                            |
| I/O nodes activity          | Low        | More than 75% of inputs are missing user specification | Provide missing input activity with simulation results or by editing the "By Resource Type -> I/Os" view   |
| Internal nodes activity     | Medium     | User specified less than 25% of internal nodes         | Provide missing internal nodes activity with simulation results or by editing the "By Resource Type" views |
| Device models               | High       | Device models are Production                           |                                                                                                            |
|                             |            |                                                        |                                                                                                            |
| Overall confidence level    | Low        |                                                        |                                                                                                            |
+-----------------------------+------------+--------------------------------------------------------+------------------------------------------------------------------------------------------------------------+


2. Settings
-----------

2.1 Environment
---------------

+-----------------------+--------------------------+
| Ambient Temp (C)      | 25.0                     |
| ThetaJA (C/W)         | 5.0                      |
| Airflow (LFM)         | 250                      |
| Heat Sink             | medium (Medium Profile)  |
| ThetaSA (C/W)         | 4.6                      |
| Board Selection       | medium (10"x10")         |
| # of Board Layers     | 12to15 (12 to 15 Layers) |
| Board Temperature (C) | 25.0                     |
+-----------------------+--------------------------+


2.2 Clock Constraints
---------------------

+--------------------+-----------------------------+-----------------+
| Clock              | Domain                      | Constraint (ns) |
+--------------------+-----------------------------+-----------------+
| clk                | clk                         |            10.0 |
| clk_out1_clk_wiz_0 | ck0/inst/clk_out1_clk_wiz_0 |            40.0 |
| clkfbout_clk_wiz_0 | ck0/inst/clkfbout_clk_wiz_0 |            10.0 |
+--------------------+-----------------------------+-----------------+


3. Detailed Reports
-------------------

3.1 By Hierarchy
----------------

+--------------+-----------+
| Name         | Power (W) |
+--------------+-----------+
| TrafficLight |     0.190 |
|   ck0        |     0.116 |
|     inst     |     0.116 |
|   discon     |    <0.001 |
|     dff0     |    <0.001 |
|     dff1     |    <0.001 |
|     dff10    |    <0.001 |
|     dff11    |    <0.001 |
|     dff12    |    <0.001 |
|     dff13    |    <0.001 |
|     dff14    |    <0.001 |
|     dff15    |    <0.001 |
|     dff16    |    <0.001 |
|     dff17    |    <0.001 |
|     dff18    |    <0.001 |
|     dff19    |    <0.001 |
|     dff2     |    <0.001 |
|     dff20    |    <0.001 |
|     dff21    |    <0.001 |
|     dff3     |    <0.001 |
|     dff4     |    <0.001 |
|     dff5     |    <0.001 |
|     dff6     |    <0.001 |
|     dff7     |    <0.001 |
|     dff8     |    <0.001 |
|     dff9     |    <0.001 |
|     m0       |    <0.001 |
|     m1       |    <0.001 |
|     m2       |    <0.001 |
|     m3       |    <0.001 |
|     sevseg   |    <0.001 |
|       ssdp1  |    <0.001 |
|   down       |    <0.001 |
|   left       |    <0.001 |
|   right      |    <0.001 |
|   t_con      |    <0.001 |
|     dff00    |    <0.001 |
|     dff01    |    <0.001 |
|     dff02    |    <0.001 |
|     dff03    |    <0.001 |
|     dff04    |    <0.001 |
|     dff05    |    <0.001 |
|     dff06    |    <0.001 |
|     dff07    |    <0.001 |
|     dff08    |    <0.001 |
|     dff09    |    <0.001 |
|     dff10    |    <0.001 |
|     dff11    |    <0.001 |
|     dff12    |    <0.001 |
|     dff13    |    <0.001 |
|     dff14    |    <0.001 |
|     dff15    |    <0.001 |
|     dff16    |    <0.001 |
|     dff17    |    <0.001 |
|     dff18    |    <0.001 |
|     dff19    |    <0.001 |
|     dff_p0   |    <0.001 |
|     dff_p1   |    <0.001 |
|     dff_p2   |    <0.001 |
|     t0       |    <0.001 |
|       dff0   |    <0.001 |
|       dff1   |    <0.001 |
|       dff10  |    <0.001 |
|       dff11  |    <0.001 |
|       dff12  |    <0.001 |
|       dff13  |    <0.001 |
|       dff14  |    <0.001 |
|       dff15  |    <0.001 |
|       dff16  |    <0.001 |
|       dff17  |    <0.001 |
|       dff18  |    <0.001 |
|       dff19  |    <0.001 |
|       dff2   |    <0.001 |
|       dff20  |    <0.001 |
|       dff21  |    <0.001 |
|       dff22  |    <0.001 |
|       dff23  |    <0.001 |
|       dff24  |    <0.001 |
|       dff25  |    <0.001 |
|       dff26  |    <0.001 |
|       dff27  |    <0.001 |
|       dff28  |    <0.001 |
|       dff3   |    <0.001 |
|       dff4   |    <0.001 |
|       dff5   |    <0.001 |
|       dff6   |    <0.001 |
|       dff7   |    <0.001 |
|       dff8   |    <0.001 |
|       dff9   |    <0.001 |
|   up         |    <0.001 |
|   vga        |     0.065 |
+--------------+-----------+


